[2024-11-14T04:36:17.876+0000] {local_task_job_runner.py:123} INFO - ::group::Pre task execution logs
[2024-11-14T04:36:17.912+0000] {taskinstance.py:2612} INFO - Dependencies all met for dep_context=non-requeueable deps ti=<TaskInstance: model_training_update.train_model manual__2024-11-14T04:36:14.805602+00:00 [queued]>
[2024-11-14T04:36:17.926+0000] {taskinstance.py:2612} INFO - Dependencies all met for dep_context=requeueable deps ti=<TaskInstance: model_training_update.train_model manual__2024-11-14T04:36:14.805602+00:00 [queued]>
[2024-11-14T04:36:17.928+0000] {taskinstance.py:2865} INFO - Starting attempt 1 of 2
[2024-11-14T04:36:17.952+0000] {taskinstance.py:2888} INFO - Executing <Task(HttpOperator): train_model> on 2024-11-14 04:36:14.805602+00:00
[2024-11-14T04:36:17.967+0000] {logging_mixin.py:190} WARNING - /home/***/.local/lib/python3.12/site-packages/***/task/task_runner/standard_task_runner.py:70 DeprecationWarning: This process (pid=1003) is multi-threaded, use of fork() may lead to deadlocks in the child.
[2024-11-14T04:36:17.971+0000] {standard_task_runner.py:72} INFO - Started process 1006 to run task
[2024-11-14T04:36:17.967+0000] {standard_task_runner.py:104} INFO - Running: ['***', 'tasks', 'run', 'model_training_update', 'train_model', 'manual__2024-11-14T04:36:14.805602+00:00', '--job-id', '16', '--raw', '--subdir', 'DAGS_FOLDER/DAG.py', '--cfg-path', '/tmp/tmp2ueqezby']
[2024-11-14T04:36:17.975+0000] {standard_task_runner.py:105} INFO - Job 16: Subtask train_model
[2024-11-14T04:36:18.039+0000] {logging_mixin.py:190} WARNING - /home/***/.local/lib/python3.12/site-packages/***/settings.py:209 DeprecationWarning: The sql_alchemy_conn option in [core] has been moved to the sql_alchemy_conn option in [database] - the old setting has been used, but please update your config.
[2024-11-14T04:36:18.134+0000] {task_command.py:467} INFO - Running <TaskInstance: model_training_update.train_model manual__2024-11-14T04:36:14.805602+00:00 [running]> on host 8cf23de6033a
[2024-11-14T04:36:18.341+0000] {taskinstance.py:3131} INFO - Exporting env vars: AIRFLOW_CTX_DAG_OWNER='***' AIRFLOW_CTX_DAG_ID='model_training_update' AIRFLOW_CTX_TASK_ID='train_model' AIRFLOW_CTX_EXECUTION_DATE='2024-11-14T04:36:14.805602+00:00' AIRFLOW_CTX_TRY_NUMBER='1' AIRFLOW_CTX_DAG_RUN_ID='manual__2024-11-14T04:36:14.805602+00:00'
[2024-11-14T04:36:18.343+0000] {taskinstance.py:731} INFO - ::endgroup::
[2024-11-14T04:36:18.370+0000] {http.py:173} INFO - Calling HTTP method
[2024-11-14T04:36:18.387+0000] {base.py:84} INFO - Retrieving connection 'fastapi'
[2024-11-14T04:36:18.402+0000] {base.py:84} INFO - Retrieving connection 'fastapi'
[2024-11-14T04:36:20.049+0000] {taskinstance.py:340} INFO - ::group::Post task execution logs
[2024-11-14T04:36:20.050+0000] {taskinstance.py:352} INFO - Marking task as SUCCESS. dag_id=model_training_update, task_id=train_model, run_id=manual__2024-11-14T04:36:14.805602+00:00, execution_date=20241114T043614, start_date=20241114T043617, end_date=20241114T043620
[2024-11-14T04:36:20.077+0000] {local_task_job_runner.py:266} INFO - Task exited with return code 0
[2024-11-14T04:36:20.122+0000] {taskinstance.py:3900} INFO - 0 downstream tasks scheduled from follow-on schedule check
[2024-11-14T04:36:20.125+0000] {local_task_job_runner.py:245} INFO - ::endgroup::
